2022-09-27 01:42:39.325  INFO 6008 --- [main] c.e.KarGoBangWebServerApplicationTests   : Starting KarGoBangWebServerApplicationTests using Java 1.8.0_312 on LAPTOP-251907QD with PID 6008 (started by 泽泽子 in C:\Users\泽泽子\Desktop\KarGoBangWebServer)
2022-09-27 01:42:39.328  INFO 6008 --- [main] c.e.KarGoBangWebServerApplicationTests   : The following 1 profile is active: "dev"
2022-09-27 01:42:41.979  INFO 6008 --- [main] c.example.config.WebFilterAutoRegister   : register WebFilter com.example.controller.filter.ExceptionFilter success
2022-09-27 01:42:41.983  INFO 6008 --- [main] c.example.config.WebFilterAutoRegister   : register web filter com.example.controller.filter.ExceptionFilter to bean factory
2022-09-27 01:42:41.987  INFO 6008 --- [main] c.example.config.WebFilterAutoRegister   : register WebFilter com.example.controller.filter.ThreadInitFilter success
2022-09-27 01:42:41.987  INFO 6008 --- [main] c.example.config.WebFilterAutoRegister   : register web filter com.example.controller.filter.ThreadInitFilter to bean factory
2022-09-27 01:42:42.566  INFO 6008 --- [main] .s.d.r.c.RepositoryConfigurationDelegate : Multiple Spring Data modules found, entering strict repository configuration mode
2022-09-27 01:42:42.575  INFO 6008 --- [main] .s.d.r.c.RepositoryConfigurationDelegate : Bootstrapping Spring Data Redis repositories in DEFAULT mode.
2022-09-27 01:42:42.686  INFO 6008 --- [main] .s.d.r.c.RepositoryConfigurationDelegate : Finished Spring Data repository scanning in 71 ms. Found 0 Redis repository interfaces.
2022-09-27 01:42:43.738  INFO 14444 --- [main] c.e.KarGoBangWebServerApplicationTests   : Starting KarGoBangWebServerApplicationTests using Java 1.8.0_312 on LAPTOP-251907QD with PID 14444 (started by 泽泽子 in C:\Users\泽泽子\Desktop\KarGoBangWebServer)
2022-09-27 01:42:43.741  INFO 14444 --- [main] c.e.KarGoBangWebServerApplicationTests   : The following 1 profile is active: "dev"
2022-09-27 01:42:45.262  INFO 14444 --- [main] c.example.config.WebFilterAutoRegister   : register WebFilter com.example.controller.filter.ExceptionFilter success
2022-09-27 01:42:45.266  INFO 14444 --- [main] c.example.config.WebFilterAutoRegister   : register web filter com.example.controller.filter.ExceptionFilter to bean factory
2022-09-27 01:42:45.268  INFO 14444 --- [main] c.example.config.WebFilterAutoRegister   : register WebFilter com.example.controller.filter.ThreadInitFilter success
2022-09-27 01:42:45.269  INFO 14444 --- [main] c.example.config.WebFilterAutoRegister   : register web filter com.example.controller.filter.ThreadInitFilter to bean factory
2022-09-27 01:42:45.336  INFO 6008 --- [main] c.e.c.RedisMybatisCacheConfiguration     : 存储Mybatis缓存的Redis配置加载
2022-09-27 01:42:45.348  INFO 6008 --- [main] com.example.config.RedisTokenRepository  : 存储Spring-RememberMe缓存的Redis配置加载
2022-09-27 01:42:45.898  INFO 14444 --- [main] .s.d.r.c.RepositoryConfigurationDelegate : Multiple Spring Data modules found, entering strict repository configuration mode
2022-09-27 01:42:45.907  INFO 14444 --- [main] .s.d.r.c.RepositoryConfigurationDelegate : Bootstrapping Spring Data Redis repositories in DEFAULT mode.
2022-09-27 01:42:46.027  INFO 14444 --- [main] .s.d.r.c.RepositoryConfigurationDelegate : Finished Spring Data repository scanning in 76 ms. Found 0 Redis repository interfaces.
2022-09-27 01:42:46.829  INFO 6008 --- [main] c.e.c.filter.OverallExceptionHandler     : 全局异常拦截器启用
2022-09-27 01:42:48.908  INFO 6008 --- [main] c.example.config.SecurityConfiguration   : CorsFilter跨域过滤器启用
2022-09-27 01:42:49.397  INFO 14444 --- [main] c.e.c.RedisMybatisCacheConfiguration     : 存储Mybatis缓存的Redis配置加载
2022-09-27 01:42:49.410  INFO 14444 --- [main] com.example.config.RedisTokenRepository  : 存储Spring-RememberMe缓存的Redis配置加载
2022-09-27 01:42:50.624  INFO 14444 --- [main] c.e.c.filter.OverallExceptionHandler     : 全局异常拦截器启用
2022-09-27 01:42:52.507  INFO 14444 --- [main] c.example.config.SecurityConfiguration   : CorsFilter跨域过滤器启用
2022-09-27 01:42:54.907  INFO 6008 --- [main] o.s.s.web.DefaultSecurityFilterChain     : Will secure any request with [org.springframework.security.web.session.DisableEncodeUrlFilter@6e7e0259, org.springframework.security.web.context.request.async.WebAsyncManagerIntegrationFilter@646e6d07, org.springframework.security.web.context.SecurityContextPersistenceFilter@e06ec83, org.springframework.security.web.header.HeaderWriterFilter@1dca62c2, org.springframework.web.filter.CorsFilter@5501d1c8, org.springframework.security.web.authentication.logout.LogoutFilter@401926df, org.springframework.security.web.authentication.UsernamePasswordAuthenticationFilter@517a46f3, org.springframework.security.web.session.ConcurrentSessionFilter@2c2a903f, org.springframework.security.web.savedrequest.RequestCacheAwareFilter@410382cb, org.springframework.security.web.servletapi.SecurityContextHolderAwareRequestFilter@74bbc273, org.springframework.security.web.authentication.rememberme.RememberMeAuthenticationFilter@789dd6bf, org.springframework.security.web.authentication.AnonymousAuthenticationFilter@652b3733, org.springframework.security.web.session.SessionManagementFilter@43d3995f, org.springframework.security.web.access.ExceptionTranslationFilter@5a82bc58, org.springframework.security.web.access.intercept.FilterSecurityInterceptor@6c2883b1]
2022-09-27 01:42:56.165  INFO 6008 --- [main] c.e.KarGoBangWebServerApplicationTests   : Started KarGoBangWebServerApplicationTests in 18.103 seconds (JVM running for 26.651)
2022-09-27 01:42:57.017  INFO 14444 --- [main] o.s.s.web.DefaultSecurityFilterChain     : Will secure any request with [org.springframework.security.web.session.DisableEncodeUrlFilter@22e813fc, org.springframework.security.web.context.request.async.WebAsyncManagerIntegrationFilter@433d93e7, org.springframework.security.web.context.SecurityContextPersistenceFilter@b9b97ad, org.springframework.security.web.header.HeaderWriterFilter@15e5246, org.springframework.web.filter.CorsFilter@87aec6a, org.springframework.security.web.authentication.logout.LogoutFilter@1de85972, org.springframework.security.web.authentication.UsernamePasswordAuthenticationFilter@7e4ac598, org.springframework.security.web.session.ConcurrentSessionFilter@2299d903, org.springframework.security.web.savedrequest.RequestCacheAwareFilter@298e002d, org.springframework.security.web.servletapi.SecurityContextHolderAwareRequestFilter@645ba24a, org.springframework.security.web.authentication.rememberme.RememberMeAuthenticationFilter@191e654, org.springframework.security.web.authentication.AnonymousAuthenticationFilter@213012a0, org.springframework.security.web.session.SessionManagementFilter@3c9e19de, org.springframework.security.web.access.ExceptionTranslationFilter@224e6e88, org.springframework.security.web.access.intercept.FilterSecurityInterceptor@627bcd7e]
2022-09-27 01:42:57.814  INFO 14444 --- [main] c.e.KarGoBangWebServerApplicationTests   : Started KarGoBangWebServerApplicationTests in 15.182 seconds (JVM running for 19.273)
